Using pre-set license
Built from '2020.3/staging' branch; Version is '2020.3.16f1 (049d6eca3c44) revision 302446'; Using compiler version '192528614'; Build Type 'Release'
OS: 'Windows 10 Home Single Language; OS build 19042.1165; Version 2009; 64bit' Language: 'ru' Physical Memory: 16334 MB
BatchMode: 1, IsHumanControllingUs: 0, StartBugReporterOnCrash: 0, Is64bit: 1, IsPro: 0

 COMMAND LINE ARGUMENTS:
D:\Programs\2020.3.16f1\Editor\Unity.exe
-adb2
-batchMode
-noUpm
-name
AssetImportWorker0
-projectPath
D:/Programs/Unity_Projects/Menu
-logFile
Logs/AssetImportWorker0.log
-srvPort
49419
Successfully changed project path to: D:/Programs/Unity_Projects/Menu
D:/Programs/Unity_Projects/Menu
Using Asset Import Pipeline V2.
Refreshing native plugins compatible for Editor in 49.83 ms, found 3 plugins.
Preloading 0 native plugins for Editor in 0.00 ms.
Initialize engine version: 2020.3.16f1 (049d6eca3c44)
[Subsystems] Discovering subsystems at path D:/Programs/2020.3.16f1/Editor/Data/Resources/UnitySubsystems
[Subsystems] Discovering subsystems at path D:/Programs/Unity_Projects/Menu/Assets
GfxDevice: creating device client; threaded=0
Direct3D:
    Version:  Direct3D 11.0 [level 11.1]
    Renderer: AMD Radeon HD 7800 Series (ID=0x6818)
    Vendor:   
    VRAM:     2027 MB
    Driver:   27.20.14501.28009
Initialize mono
Mono path[0] = 'D:/Programs/2020.3.16f1/Editor/Data/Managed'
Mono path[1] = 'D:/Programs/2020.3.16f1/Editor/Data/MonoBleedingEdge/lib/mono/unityjit'
Mono config path = 'D:/Programs/2020.3.16f1/Editor/Data/MonoBleedingEdge/etc'
Using monoOptions --debugger-agent=transport=dt_socket,embedding=1,server=y,suspend=n,address=127.0.0.1:56960
Begin MonoManager ReloadAssembly
Registering precompiled unity dll's ...
Register platform support module: D:/Programs/2020.3.16f1/Editor/Data/PlaybackEngines/WebGLSupport/UnityEditor.WebGL.Extensions.dll
Register platform support module: D:/Programs/2020.3.16f1/Editor/Data/PlaybackEngines/WindowsStandaloneSupport/UnityEditor.WindowsStandalone.Extensions.dll
Registered in 0.000930 seconds.
Native extension for WindowsStandalone target not found
Native extension for WebGL target not found
Refreshing native plugins compatible for Editor in 36.47 ms, found 3 plugins.
Preloading 0 native plugins for Editor in 0.00 ms.
Mono: successfully reloaded assembly
- Completed reload, in  1.306 seconds
Domain Reload Profiling:
	ReloadAssembly (1306ms)
		BeginReloadAssembly (58ms)
			ExecutionOrderSort (0ms)
			DisableScriptedObjects (0ms)
			BackupInstance (0ms)
			ReleaseScriptingObjects (0ms)
			CreateAndSetChildDomain (1ms)
		EndReloadAssembly (343ms)
			LoadAssemblies (56ms)
			RebuildTransferFunctionScriptingTraits (0ms)
			SetupTypeCache (118ms)
			ReleaseScriptCaches (0ms)
			RebuildScriptCaches (25ms)
			SetupLoadedEditorAssemblies (148ms)
				LogAssemblyErrors (0ms)
				InitializePlatformSupportModulesInManaged (3ms)
				SetLoadedEditorAssemblies (0ms)
				RefreshPlugins (37ms)
				BeforeProcessingInitializeOnLoad (8ms)
				ProcessInitializeOnLoadAttributes (74ms)
				ProcessInitializeOnLoadMethodAttributes (25ms)
				AfterProcessingInitializeOnLoad (0ms)
				EditorAssembliesLoaded (0ms)
			ExecutionOrderSort2 (0ms)
			AwakeInstancesAfterBackupRestoration (0ms)
Platform modules already initialized, skipping
Registering precompiled user dll's ...
Registered in 0.002846 seconds.
Begin MonoManager ReloadAssembly
Native extension for WindowsStandalone target not found
Native extension for WebGL target not found
Refreshing native plugins compatible for Editor in 34.32 ms, found 3 plugins.
Preloading 0 native plugins for Editor in 0.00 ms.
Mono: successfully reloaded assembly
- Completed reload, in  1.052 seconds
Domain Reload Profiling:
	ReloadAssembly (1052ms)
		BeginReloadAssembly (221ms)
			ExecutionOrderSort (0ms)
			DisableScriptedObjects (5ms)
			BackupInstance (0ms)
			ReleaseScriptingObjects (0ms)
			CreateAndSetChildDomain (14ms)
		EndReloadAssembly (784ms)
			LoadAssemblies (68ms)
			RebuildTransferFunctionScriptingTraits (0ms)
			SetupTypeCache (239ms)
			ReleaseScriptCaches (0ms)
			RebuildScriptCaches (37ms)
			SetupLoadedEditorAssemblies (340ms)
				LogAssemblyErrors (0ms)
				InitializePlatformSupportModulesInManaged (4ms)
				SetLoadedEditorAssemblies (0ms)
				RefreshPlugins (34ms)
				BeforeProcessingInitializeOnLoad (47ms)
				ProcessInitializeOnLoadAttributes (238ms)
				ProcessInitializeOnLoadMethodAttributes (14ms)
				AfterProcessingInitializeOnLoad (3ms)
				EditorAssembliesLoaded (0ms)
			ExecutionOrderSort2 (0ms)
			AwakeInstancesAfterBackupRestoration (8ms)
Platform modules already initialized, skipping
========================================================================
Worker process is ready to serve import requests
Launched and connected shader compiler UnityShaderCompiler.exe after 0.03 seconds
Refreshing native plugins compatible for Editor in 0.48 ms, found 3 plugins.
Preloading 0 native plugins for Editor in 0.00 ms.
Unloading 2093 Unused Serialized files (Serialized files now loaded: 0)
System memory in use before: 93.7 MB.
System memory in use after: 93.8 MB.

Unloading 28 unused Assets to reduce memory usage. Loaded Objects now: 2530.
Total: 2.713400 ms (FindLiveObjects: 0.158800 ms CreateObjectMapping: 0.040500 ms MarkObjects: 2.419800 ms  DeleteObjects: 0.093500 ms)

AssetImportParameters requested are different than current active one (requested -> active):
  custom:framework-win-MediaFoundation: 216162199b28c13a410421893ffa2e32 -> 
  custom:video-decoder-ogg-theora: a1e56fd34408186e4bbccfd4996cb3dc -> 
  custom:container-muxer-webm: aa71ff27fc2769a1b78a27578f13a17b -> 
  custom:container-demuxer-webm: 4f35f7cbe854078d1ac9338744f61a02 -> 
  custom:container-demuxer-ogg: 62fdf1f143b41e24485cea50d1cbac27 -> 
  custom:video-encoder-webm-vp8: eb34c28f22e8b96e1ab97ce403110664 -> 
  custom:video-decoder-webm-vp8: 9c59270c3fd7afecdb556c50c9e8de78 -> 
  custom:audio-decoder-ogg-vorbis: bf7c407c2cedff20999df2af8eb42d56 -> 
  custom:audio-encoder-webm-vorbis: bf7c407c2cedff20999df2af8eb42d56 -> 
========================================================================
Received Import Request.
  path: Assets/Scenes/Level_1.unity
  artifactKey: Guid(55c9867cd3054404e88e9ed5c2eaa7b7) Importer(815301076,1909f56bfc062723c751e8b465ee728b)
Start importing Assets/Scenes/Level_1.unity using Guid(55c9867cd3054404e88e9ed5c2eaa7b7) Importer(815301076,1909f56bfc062723c751e8b465ee728b)  -> (artifact id: 'c4f762b97af78be6e4ae1a4b7e38000d') in 0.009587 seconds 
  Import took 0.012127 seconds .

========================================================================
Received Prepare
Refreshing native plugins compatible for Editor in 5.10 ms, found 3 plugins.
Preloading 0 native plugins for Editor in 0.00 ms.
Unloading 14 Unused Serialized files (Serialized files now loaded: 0)
System memory in use before: 52.1 MB.
System memory in use after: 52.2 MB.

Unloading 14 unused Assets to reduce memory usage. Loaded Objects now: 2530.
Total: 3.878500 ms (FindLiveObjects: 0.266700 ms CreateObjectMapping: 0.057500 ms MarkObjects: 3.537300 ms  DeleteObjects: 0.016200 ms)

AssetImportParameters requested are different than current active one (requested -> active):
  custom:framework-win-MediaFoundation: 216162199b28c13a410421893ffa2e32 -> 
  custom:video-decoder-ogg-theora: a1e56fd34408186e4bbccfd4996cb3dc -> 
  custom:container-muxer-webm: aa71ff27fc2769a1b78a27578f13a17b -> 
  custom:container-demuxer-webm: 4f35f7cbe854078d1ac9338744f61a02 -> 
  custom:container-demuxer-ogg: 62fdf1f143b41e24485cea50d1cbac27 -> 
  custom:video-encoder-webm-vp8: eb34c28f22e8b96e1ab97ce403110664 -> 
  custom:video-decoder-webm-vp8: 9c59270c3fd7afecdb556c50c9e8de78 -> 
  custom:audio-decoder-ogg-vorbis: bf7c407c2cedff20999df2af8eb42d56 -> 
  custom:audio-encoder-webm-vorbis: bf7c407c2cedff20999df2af8eb42d56 -> 
========================================================================
Received Import Request.
  Time since last request: 564.776180 seconds.
  path: Assets/Scenes/Level_4.unity
  artifactKey: Guid(602d4fa7f89129e4faa5b1e4c0813578) Importer(815301076,1909f56bfc062723c751e8b465ee728b)
Start importing Assets/Scenes/Level_4.unity using Guid(602d4fa7f89129e4faa5b1e4c0813578) Importer(815301076,1909f56bfc062723c751e8b465ee728b)  -> (artifact id: 'afaf15dbac05de1c10650802d46c0b55') in 0.002498 seconds 
  Import took 0.007565 seconds .

========================================================================
Received Import Request.
  Time since last request: 11.368154 seconds.
  path: Assets/Scenes/Level_3.unity
  artifactKey: Guid(bf701eeb45895d14e990060613a29aab) Importer(815301076,1909f56bfc062723c751e8b465ee728b)
Start importing Assets/Scenes/Level_3.unity using Guid(bf701eeb45895d14e990060613a29aab) Importer(815301076,1909f56bfc062723c751e8b465ee728b)  -> (artifact id: '96eaf964c55a6eb0013394498f84531d') in 0.001725 seconds 
  Import took 0.006716 seconds .

========================================================================
Received Import Request.
  Time since last request: 8.951308 seconds.
  path: Assets/Scenes/Level_2.unity
  artifactKey: Guid(790c2ab41dddc3c46b4efa3b0958d7e1) Importer(815301076,1909f56bfc062723c751e8b465ee728b)
Start importing Assets/Scenes/Level_2.unity using Guid(790c2ab41dddc3c46b4efa3b0958d7e1) Importer(815301076,1909f56bfc062723c751e8b465ee728b)  -> (artifact id: '98ed2de1aabb1f133d4b34fa8c709a11') in 0.002987 seconds 
  Import took 0.008714 seconds .

========================================================================
Received Import Request.
  Time since last request: 16.483369 seconds.
  path: Assets/Scenes/_Menu.unity
  artifactKey: Guid(2cda990e2423bbf4892e6590ba056729) Importer(815301076,1909f56bfc062723c751e8b465ee728b)
Start importing Assets/Scenes/_Menu.unity using Guid(2cda990e2423bbf4892e6590ba056729) Importer(815301076,1909f56bfc062723c751e8b465ee728b)  -> (artifact id: '31a179f83a26beea9b5765624ecfd81c') in 0.001625 seconds 
  Import took 0.007423 seconds .

========================================================================
Received Import Request.
  Time since last request: 51.423745 seconds.
  path: Assets/Scenes/Level_5.unity
  artifactKey: Guid(3e8aaba2f33807940b7416e260191d50) Importer(815301076,1909f56bfc062723c751e8b465ee728b)
Start importing Assets/Scenes/Level_5.unity using Guid(3e8aaba2f33807940b7416e260191d50) Importer(815301076,1909f56bfc062723c751e8b465ee728b)  -> (artifact id: '166235d810b8dbbf98aa0a47bdc28a1c') in 0.001717 seconds 
  Import took 0.011947 seconds .

========================================================================
Received Prepare
Refreshing native plugins compatible for Editor in 3.42 ms, found 3 plugins.
Preloading 0 native plugins for Editor in 0.00 ms.
Unloading 14 Unused Serialized files (Serialized files now loaded: 0)
System memory in use before: 52.1 MB.
System memory in use after: 52.2 MB.

Unloading 14 unused Assets to reduce memory usage. Loaded Objects now: 2530.
Total: 5.102600 ms (FindLiveObjects: 0.268600 ms CreateObjectMapping: 0.058600 ms MarkObjects: 4.737900 ms  DeleteObjects: 0.036100 ms)

AssetImportParameters requested are different than current active one (requested -> active):
  custom:framework-win-MediaFoundation: 216162199b28c13a410421893ffa2e32 -> 
  custom:video-decoder-ogg-theora: a1e56fd34408186e4bbccfd4996cb3dc -> 
  custom:container-muxer-webm: aa71ff27fc2769a1b78a27578f13a17b -> 
  custom:container-demuxer-webm: 4f35f7cbe854078d1ac9338744f61a02 -> 
  custom:container-demuxer-ogg: 62fdf1f143b41e24485cea50d1cbac27 -> 
  custom:video-encoder-webm-vp8: eb34c28f22e8b96e1ab97ce403110664 -> 
  custom:video-decoder-webm-vp8: 9c59270c3fd7afecdb556c50c9e8de78 -> 
  custom:audio-decoder-ogg-vorbis: bf7c407c2cedff20999df2af8eb42d56 -> 
  custom:audio-encoder-webm-vorbis: bf7c407c2cedff20999df2af8eb42d56 -> 
========================================================================
Received Import Request.
  Time since last request: 194.416695 seconds.
  path: Assets/Scenes/Start.unity
  artifactKey: Guid(a088387d882c3f8449f61136df9c0228) Importer(815301076,1909f56bfc062723c751e8b465ee728b)
Start importing Assets/Scenes/Start.unity using Guid(a088387d882c3f8449f61136df9c0228) Importer(815301076,1909f56bfc062723c751e8b465ee728b)  -> (artifact id: '820c89ff4b11fcfaf665787c64b99e84') in 0.001360 seconds 
  Import took 0.009568 seconds .

========================================================================
Received Import Request.
  Time since last request: 117.476917 seconds.
  path: Assets/Scenes/Level_1.unity
  artifactKey: Guid(55c9867cd3054404e88e9ed5c2eaa7b7) Importer(815301076,1909f56bfc062723c751e8b465ee728b)
Start importing Assets/Scenes/Level_1.unity using Guid(55c9867cd3054404e88e9ed5c2eaa7b7) Importer(815301076,1909f56bfc062723c751e8b465ee728b)  -> (artifact id: '3e25f777af3aec3fecfcff31d343820c') in 0.002118 seconds 
  Import took 0.010806 seconds .

========================================================================
Received Import Request.
  Time since last request: 28.266368 seconds.
  path: Assets/Scenes/Level_2.unity
  artifactKey: Guid(790c2ab41dddc3c46b4efa3b0958d7e1) Importer(815301076,1909f56bfc062723c751e8b465ee728b)
Start importing Assets/Scenes/Level_2.unity using Guid(790c2ab41dddc3c46b4efa3b0958d7e1) Importer(815301076,1909f56bfc062723c751e8b465ee728b)  -> (artifact id: 'a70dcdcc7540945dcc4d03c070f0ccc2') in 0.002705 seconds 
  Import took 0.009070 seconds .

========================================================================
Received Import Request.
  Time since last request: 17.446240 seconds.
  path: Assets/Scenes/Level_3.unity
  artifactKey: Guid(bf701eeb45895d14e990060613a29aab) Importer(815301076,1909f56bfc062723c751e8b465ee728b)
Start importing Assets/Scenes/Level_3.unity using Guid(bf701eeb45895d14e990060613a29aab) Importer(815301076,1909f56bfc062723c751e8b465ee728b)  -> (artifact id: '6b0e8d05fde7ad32838e10bae48e1fad') in 0.003008 seconds 
  Import took 0.008622 seconds .

========================================================================
Received Import Request.
  Time since last request: 16.818130 seconds.
  path: Assets/Scenes/Level_4.unity
  artifactKey: Guid(602d4fa7f89129e4faa5b1e4c0813578) Importer(815301076,1909f56bfc062723c751e8b465ee728b)
Start importing Assets/Scenes/Level_4.unity using Guid(602d4fa7f89129e4faa5b1e4c0813578) Importer(815301076,1909f56bfc062723c751e8b465ee728b)  -> (artifact id: 'd295f2e86845d8f5528add81cda8b112') in 0.001456 seconds 
  Import took 0.008738 seconds .

========================================================================
Received Prepare
Refreshing native plugins compatible for Editor in 2.60 ms, found 3 plugins.
Preloading 0 native plugins for Editor in 0.00 ms.
Unloading 14 Unused Serialized files (Serialized files now loaded: 0)
System memory in use before: 52.1 MB.
System memory in use after: 52.2 MB.

Unloading 14 unused Assets to reduce memory usage. Loaded Objects now: 2530.
Total: 5.381300 ms (FindLiveObjects: 0.288700 ms CreateObjectMapping: 0.053500 ms MarkObjects: 5.017400 ms  DeleteObjects: 0.020300 ms)

AssetImportParameters requested are different than current active one (requested -> active):
  custom:framework-win-MediaFoundation: 216162199b28c13a410421893ffa2e32 -> 
  custom:video-decoder-ogg-theora: a1e56fd34408186e4bbccfd4996cb3dc -> 
  custom:container-muxer-webm: aa71ff27fc2769a1b78a27578f13a17b -> 
  custom:container-demuxer-webm: 4f35f7cbe854078d1ac9338744f61a02 -> 
  custom:container-demuxer-ogg: 62fdf1f143b41e24485cea50d1cbac27 -> 
  custom:video-encoder-webm-vp8: eb34c28f22e8b96e1ab97ce403110664 -> 
  custom:video-decoder-webm-vp8: 9c59270c3fd7afecdb556c50c9e8de78 -> 
  custom:audio-decoder-ogg-vorbis: bf7c407c2cedff20999df2af8eb42d56 -> 
  custom:audio-encoder-webm-vorbis: bf7c407c2cedff20999df2af8eb42d56 -> 
========================================================================
Received Import Request.
  Time since last request: 127.029768 seconds.
  path: Assets/Scenes/Level_3.unity
  artifactKey: Guid(bf701eeb45895d14e990060613a29aab) Importer(815301076,1909f56bfc062723c751e8b465ee728b)
Start importing Assets/Scenes/Level_3.unity using Guid(bf701eeb45895d14e990060613a29aab) Importer(815301076,1909f56bfc062723c751e8b465ee728b)  -> (artifact id: '3107a5a238616ca72478b0d5cccc4267') in 0.001565 seconds 
  Import took 0.008538 seconds .

========================================================================
Received Import Request.
  Time since last request: 25.000924 seconds.
  path: Assets/Scenes/Level_4.unity
  artifactKey: Guid(602d4fa7f89129e4faa5b1e4c0813578) Importer(815301076,1909f56bfc062723c751e8b465ee728b)
Start importing Assets/Scenes/Level_4.unity using Guid(602d4fa7f89129e4faa5b1e4c0813578) Importer(815301076,1909f56bfc062723c751e8b465ee728b)  -> (artifact id: 'dccef6ce325ec6b16d1fb8f0ac430d33') in 0.002339 seconds 
  Import took 0.008422 seconds .

========================================================================
Received Import Request.
  Time since last request: 13.850462 seconds.
  path: Assets/Scenes/Level_5.unity
  artifactKey: Guid(3e8aaba2f33807940b7416e260191d50) Importer(815301076,1909f56bfc062723c751e8b465ee728b)
Start importing Assets/Scenes/Level_5.unity using Guid(3e8aaba2f33807940b7416e260191d50) Importer(815301076,1909f56bfc062723c751e8b465ee728b)  -> (artifact id: 'cee35ed6200d82955b129302512988c6') in 0.002891 seconds 
  Import took 0.008361 seconds .

========================================================================
Received Prepare
Refreshing native plugins compatible for Editor in 4.31 ms, found 3 plugins.
Preloading 0 native plugins for Editor in 0.00 ms.
Unloading 14 Unused Serialized files (Serialized files now loaded: 0)
System memory in use before: 52.1 MB.
System memory in use after: 52.3 MB.

Unloading 14 unused Assets to reduce memory usage. Loaded Objects now: 2530.
Total: 3.947800 ms (FindLiveObjects: 0.270700 ms CreateObjectMapping: 0.069400 ms MarkObjects: 3.584900 ms  DeleteObjects: 0.021900 ms)

AssetImportParameters requested are different than current active one (requested -> active):
  custom:framework-win-MediaFoundation: 216162199b28c13a410421893ffa2e32 -> 
  custom:video-decoder-ogg-theora: a1e56fd34408186e4bbccfd4996cb3dc -> 
  custom:container-muxer-webm: aa71ff27fc2769a1b78a27578f13a17b -> 
  custom:container-demuxer-webm: 4f35f7cbe854078d1ac9338744f61a02 -> 
  custom:container-demuxer-ogg: 62fdf1f143b41e24485cea50d1cbac27 -> 
  custom:video-encoder-webm-vp8: eb34c28f22e8b96e1ab97ce403110664 -> 
  custom:video-decoder-webm-vp8: 9c59270c3fd7afecdb556c50c9e8de78 -> 
  custom:audio-decoder-ogg-vorbis: bf7c407c2cedff20999df2af8eb42d56 -> 
  custom:audio-encoder-webm-vorbis: bf7c407c2cedff20999df2af8eb42d56 -> 
========================================================================
Received Import Request.
  Time since last request: 320.306380 seconds.
  path: Assets/Scenes/Start.unity
  artifactKey: Guid(a088387d882c3f8449f61136df9c0228) Importer(815301076,1909f56bfc062723c751e8b465ee728b)
Start importing Assets/Scenes/Start.unity using Guid(a088387d882c3f8449f61136df9c0228) Importer(815301076,1909f56bfc062723c751e8b465ee728b)  -> (artifact id: '68c2378349bb110ae0e4ae32a34479a1') in 0.001584 seconds 
  Import took 0.011792 seconds .

========================================================================
Received Import Request.
  Time since last request: 61.968583 seconds.
  path: Assets/IMG
  artifactKey: Guid(9fc62db0d1092f24f8ddb9ea91bd114c) Importer(815301076,1909f56bfc062723c751e8b465ee728b)
Start importing Assets/IMG using Guid(9fc62db0d1092f24f8ddb9ea91bd114c) Importer(815301076,1909f56bfc062723c751e8b465ee728b)  -> (artifact id: 'c36bcda3a38328228f758544c1cd58a6') in 0.003769 seconds 
  Import took 0.008349 seconds .

========================================================================
Received Import Request.
  Time since last request: 31.201419 seconds.
  path: Assets/IMG/app.jpg
  artifactKey: Guid(62c9baaf0c03e8345b7d15f0bf4d9bbd) Importer(815301076,1909f56bfc062723c751e8b465ee728b)
Start importing Assets/IMG/app.jpg using Guid(62c9baaf0c03e8345b7d15f0bf4d9bbd) Importer(815301076,1909f56bfc062723c751e8b465ee728b)  -> (artifact id: '46e820c3c44d0d9a22961d2a00c9acf0') in 0.185010 seconds 
  Import took 0.188730 seconds .

========================================================================
Received Prepare
Refreshing native plugins compatible for Editor in 1.88 ms, found 3 plugins.
Preloading 0 native plugins for Editor in 0.00 ms.
Unloading 14 Unused Serialized files (Serialized files now loaded: 0)
System memory in use before: 55.3 MB.
System memory in use after: 55.4 MB.

Unloading 14 unused Assets to reduce memory usage. Loaded Objects now: 2536.
Total: 2.789800 ms (FindLiveObjects: 0.143800 ms CreateObjectMapping: 0.039800 ms MarkObjects: 2.594500 ms  DeleteObjects: 0.010900 ms)

AssetImportParameters requested are different than current active one (requested -> active):
  custom:framework-win-MediaFoundation: 216162199b28c13a410421893ffa2e32 -> 
  custom:video-decoder-ogg-theora: a1e56fd34408186e4bbccfd4996cb3dc -> 
  custom:container-muxer-webm: aa71ff27fc2769a1b78a27578f13a17b -> 
  custom:container-demuxer-webm: 4f35f7cbe854078d1ac9338744f61a02 -> 
  custom:container-demuxer-ogg: 62fdf1f143b41e24485cea50d1cbac27 -> 
  custom:video-encoder-webm-vp8: eb34c28f22e8b96e1ab97ce403110664 -> 
  custom:video-decoder-webm-vp8: 9c59270c3fd7afecdb556c50c9e8de78 -> 
  custom:audio-decoder-ogg-vorbis: bf7c407c2cedff20999df2af8eb42d56 -> 
  custom:audio-encoder-webm-vorbis: bf7c407c2cedff20999df2af8eb42d56 -> 
AssetImportWorkerClient::OnTransportError - code=2 error=End of file
